2018-09-07 09:30:20.726  INFO 16936 --- [main] com.castor.ClongulinApplication          : The following profiles are active: test
2018-09-07 09:30:20.754  INFO 16936 --- [main] ConfigServletWebServerApplicationContext : Refreshing org.springframework.boot.web.servlet.context.AnnotationConfigServletWebServerApplicationContext@30bce90b: startup date [Fri Sep 07 09:30:20 CST 2018]; parent: org.springframework.context.annotation.AnnotationConfigApplicationContext@3e694b3f
2018-09-07 09:30:21.627  INFO 16936 --- [main] .s.d.r.c.RepositoryConfigurationDelegate : Multiple Spring Data modules found, entering strict repository configuration mode!
2018-09-07 09:30:21.654 DEBUG 16936 --- [main] o.s.d.r.c.RepositoryComponentProvider    : Identified candidate component class: file [D:\Castor\duliday\clongulinud\clongulin\target\classes\com\castor\database\repositories\DemoRepository.class]
2018-09-07 09:30:21.725 DEBUG 16936 --- [main] .s.d.r.c.RepositoryConfigurationDelegate : Spring Data JPA - Registering repository: demoRepository - Interface: com.castor.database.repositories.DemoRepository - Factory: org.springframework.data.jpa.repository.support.JpaRepositoryFactoryBean
2018-09-07 09:30:21.751  INFO 16936 --- [main] .s.d.r.c.RepositoryConfigurationDelegate : Multiple Spring Data modules found, entering strict repository configuration mode!
2018-09-07 09:30:21.787 DEBUG 16936 --- [main] o.s.d.r.c.RepositoryComponentProvider    : Identified candidate component class: file [D:\Castor\duliday\clongulinud\clongulin\target\classes\com\castor\database\repositories\DemoRepository.class]
2018-09-07 09:30:21.792  INFO 16936 --- [main] .RepositoryConfigurationExtensionSupport : Spring Data Redis - Could not safely identify store assignment for repository candidate interface com.castor.database.repositories.DemoRepository.
2018-09-07 09:30:22.207  INFO 16936 --- [main] o.s.b.f.s.DefaultListableBeanFactory     : Overriding bean definition for bean 'dataSource' with a different definition: replacing [Root bean: class [null]; scope=refresh; abstract=false; lazyInit=false; autowireMode=3; dependencyCheck=0; autowireCandidate=false; primary=false; factoryBeanName=org.springframework.boot.autoconfigure.jdbc.DataSourceConfiguration$Hikari; factoryMethodName=dataSource; initMethodName=null; destroyMethodName=(inferred); defined in class path resource [org/springframework/boot/autoconfigure/jdbc/DataSourceConfiguration$Hikari.class]] with [Root bean: class [org.springframework.aop.scope.ScopedProxyFactoryBean]; scope=; abstract=false; lazyInit=false; autowireMode=0; dependencyCheck=0; autowireCandidate=true; primary=false; factoryBeanName=null; factoryMethodName=null; initMethodName=null; destroyMethodName=null; defined in BeanDefinition defined in class path resource [org/springframework/boot/autoconfigure/jdbc/DataSourceConfiguration$Hikari.class]]
2018-09-07 09:30:22.554  INFO 16936 --- [main] o.s.cloud.context.scope.GenericScope     : BeanFactory id=f24b392a-8d84-3309-9f22-9e2d4d038a34
2018-09-07 09:30:22.606  INFO 16936 --- [main] f.a.AutowiredAnnotationBeanPostProcessor : JSR-330 'javax.inject.Inject' annotation found and supported for autowiring
2018-09-07 09:30:22.804  INFO 16936 --- [main] trationDelegate$BeanPostProcessorChecker : Bean 'org.springframework.transaction.annotation.ProxyTransactionManagementConfiguration' of type [org.springframework.transaction.annotation.ProxyTransactionManagementConfiguration$$EnhancerBySpringCGLIB$$536c7bc5] is not eligible for getting processed by all BeanPostProcessors (for example: not eligible for auto-proxying)
2018-09-07 09:30:22.951  INFO 16936 --- [main] trationDelegate$BeanPostProcessorChecker : Bean 'org.springframework.cloud.autoconfigure.ConfigurationPropertiesRebinderAutoConfiguration' of type [org.springframework.cloud.autoconfigure.ConfigurationPropertiesRebinderAutoConfiguration$$EnhancerBySpringCGLIB$$6f867ec2] is not eligible for getting processed by all BeanPostProcessors (for example: not eligible for auto-proxying)
2018-09-07 09:30:23.420  INFO 16936 --- [main] o.s.b.w.embedded.tomcat.TomcatWebServer  : Tomcat initialized with port(s): 8081 (http)
2018-09-07 09:30:23.438  INFO 16936 --- [main] o.apache.catalina.core.StandardService   : Starting service [Tomcat]
2018-09-07 09:30:23.438  INFO 16936 --- [main] org.apache.catalina.core.StandardEngine  : Starting Servlet Engine: Apache Tomcat/8.5.32
2018-09-07 09:30:23.442  INFO 16936 --- [localhost-startStop-1] o.a.catalina.core.AprLifecycleListener   : The APR based Apache Tomcat Native library which allows optimal performance in production environments was not found on the java.library.path: [D:\Castor\Java\jdk1.8.0_144\bin;C:\WINDOWS\Sun\Java\bin;C:\WINDOWS\system32;C:\WINDOWS;D:\Castor\Java\jdk1.8.0_144\bin;D:\Castor\Java\jdk1.8.0_144\jre\bin;D:\Castor\Scala\bin;D:\Castor\Scala\jre\bin;C:\ProgramData\Oracle\Java\javapath;C:\Program Files (x86)\Intel\iCLS Client\;C:\Program Files\Intel\iCLS Client\;C:\Windows\system32;C:\Windows;C:\Windows\System32\Wbem;C:\Windows\System32\WindowsPowerShell\v1.0\;C:\Program Files (x86)\NVIDIA Corporation\PhysX\Common;C:\Program Files (x86)\Intel\Intel(R) Management Engine Components\DAL;C:\Program Files\Intel\Intel(R) Management Engine Components\DAL;C:\Program Files (x86)\Intel\Intel(R) Management Engine Components\IPT;C:\Program Files\Intel\Intel(R) Management Engine Components\IPT;C:\WINDOWS\system32;C:\WINDOWS;C:\WINDOWS\System32\Wbem;C:\WINDOWS\System32\WindowsPowerShell\v1.0\;D:\Castor\Sbt\bin;D:\Castor\apache-maven-3.5.2\bin;D:\Castor\gradle-3.4\bin;D:\Castor\typesafe-activator-1.3.12\activator-dist-1.3.12\bin;D:\Castor\zips\curl-7.46.0-win64\bin;D:\Castor\Program Files\database\bin;D:\Program Files\Git\cmd;D:\Castor\Python\Python363\Scripts\;D:\Castor\Python\Python363\;C:\Users\72906\AppData\Local\Microsoft\WindowsApps;C:\Users\72906\AppData\Local\GitHubDesktop\bin;.]
2018-09-07 09:30:23.584  INFO 16936 --- [localhost-startStop-1] o.a.c.c.C.[Tomcat].[localhost].[/]       : Initializing Spring embedded WebApplicationContext
2018-09-07 09:30:23.584  INFO 16936 --- [localhost-startStop-1] o.s.web.context.ContextLoader            : Root WebApplicationContext: initialization completed in 2830 ms
2018-09-07 09:30:23.661  INFO 16936 --- [localhost-startStop-1] o.s.b.w.servlet.ServletRegistrationBean  : Servlet dispatcherServlet mapped to [/]
2018-09-07 09:30:23.666  INFO 16936 --- [localhost-startStop-1] o.s.b.w.servlet.FilterRegistrationBean   : Mapping filter: 'characterEncodingFilter' to: [/*]
2018-09-07 09:30:23.666  INFO 16936 --- [localhost-startStop-1] o.s.b.w.servlet.FilterRegistrationBean   : Mapping filter: 'hiddenHttpMethodFilter' to: [/*]
2018-09-07 09:30:23.666  INFO 16936 --- [localhost-startStop-1] o.s.b.w.servlet.FilterRegistrationBean   : Mapping filter: 'httpPutFormContentFilter' to: [/*]
2018-09-07 09:30:23.666  INFO 16936 --- [localhost-startStop-1] o.s.b.w.servlet.FilterRegistrationBean   : Mapping filter: 'requestContextFilter' to: [/*]
2018-09-07 09:30:23.879  INFO 16936 --- [main] com.zaxxer.hikari.HikariDataSource       : HikariPool-1 - Starting...
2018-09-07 09:30:24.070  INFO 16936 --- [main] com.zaxxer.hikari.HikariDataSource       : HikariPool-1 - Start completed.
2018-09-07 09:30:24.113  INFO 16936 --- [main] j.LocalContainerEntityManagerFactoryBean : Building JPA container EntityManagerFactory for persistence unit 'default'
2018-09-07 09:30:24.496  INFO 16936 --- [main] j.LocalContainerEntityManagerFactoryBean : Initialized JPA EntityManagerFactory for persistence unit 'default'
2018-09-07 09:30:24.950 DEBUG 16936 --- [main] o.s.d.j.r.query.JpaQueryFactory          : Looking up query for method findAllByName
2018-09-07 09:30:24.952 DEBUG 16936 --- [main] o.s.d.jpa.repository.query.NamedQuery    : Looking up named query Demo.findAllByName
2018-09-07 09:30:24.956 DEBUG 16936 --- [main] o.s.d.jpa.repository.query.NamedQuery    : Did not find named query Demo.findAllByName
2018-09-07 09:30:25.410  WARN 16936 --- [main] aWebConfiguration$JpaWebMvcConfiguration : spring.jpa.open-in-view is enabled by default. Therefore, database queries may be performed during view rendering. Explicitly configure spring.jpa.open-in-view to disable this warning
2018-09-07 09:30:25.455  WARN 16936 --- [main] c.n.c.sources.URLConfigurationSource     : No URLs will be polled as dynamic configuration sources.
2018-09-07 09:30:25.456  INFO 16936 --- [main] c.n.c.sources.URLConfigurationSource     : To enable URLs as dynamic configuration sources, define System property archaius.configurationSource.additionalUrls or make config.properties available on classpath.
2018-09-07 09:30:25.460  WARN 16936 --- [main] c.n.c.sources.URLConfigurationSource     : No URLs will be polled as dynamic configuration sources.
2018-09-07 09:30:25.460  INFO 16936 --- [main] c.n.c.sources.URLConfigurationSource     : To enable URLs as dynamic configuration sources, define System property archaius.configurationSource.additionalUrls or make config.properties available on classpath.
2018-09-07 09:30:25.575  INFO 16936 --- [main] o.s.w.s.handler.SimpleUrlHandlerMapping  : Mapped URL path [/**/favicon.ico] onto handler of type [class org.springframework.web.servlet.resource.ResourceHttpRequestHandler]
2018-09-07 09:30:25.933  INFO 16936 --- [main] s.w.s.m.m.a.RequestMappingHandlerAdapter : Looking for @ControllerAdvice: org.springframework.boot.web.servlet.context.AnnotationConfigServletWebServerApplicationContext@30bce90b: startup date [Fri Sep 07 09:30:20 CST 2018]; parent: org.springframework.context.annotation.AnnotationConfigApplicationContext@3e694b3f
2018-09-07 09:30:26.003  INFO 16936 --- [main] s.w.s.m.m.a.RequestMappingHandlerMapping : Mapped "{[/demo],methods=[GET]}" onto public java.lang.String com.castor.controller.DemoController.query(java.lang.String)
2018-09-07 09:30:26.004  INFO 16936 --- [main] s.w.s.m.m.a.RequestMappingHandlerMapping : Mapped "{[/demo/hello],methods=[GET]}" onto public java.lang.Object com.castor.controller.DemoController.demo()
2018-09-07 09:30:26.005  INFO 16936 --- [main] s.w.s.m.m.a.RequestMappingHandlerMapping : Mapped "{[/demo/get],methods=[GET]}" onto public java.lang.Object com.castor.controller.DemoController.demoGet()
2018-09-07 09:30:26.009  INFO 16936 --- [main] s.w.s.m.m.a.RequestMappingHandlerMapping : Mapped "{[/error]}" onto public org.springframework.http.ResponseEntity<java.util.Map<java.lang.String, java.lang.Object>> org.springframework.boot.autoconfigure.web.servlet.error.BasicErrorController.error(javax.servlet.http.HttpServletRequest)
2018-09-07 09:30:26.009  INFO 16936 --- [main] s.w.s.m.m.a.RequestMappingHandlerMapping : Mapped "{[/error],produces=[text/html]}" onto public org.springframework.web.servlet.ModelAndView org.springframework.boot.autoconfigure.web.servlet.error.BasicErrorController.errorHtml(javax.servlet.http.HttpServletRequest,javax.servlet.http.HttpServletResponse)
2018-09-07 09:30:26.051  INFO 16936 --- [main] o.s.w.s.handler.SimpleUrlHandlerMapping  : Mapped URL path [/webjars/**] onto handler of type [class org.springframework.web.servlet.resource.ResourceHttpRequestHandler]
2018-09-07 09:30:26.051  INFO 16936 --- [main] o.s.w.s.handler.SimpleUrlHandlerMapping  : Mapped URL path [/**] onto handler of type [class org.springframework.web.servlet.resource.ResourceHttpRequestHandler]
2018-09-07 09:30:26.378 DEBUG 16936 --- [main] o.s.d.r.l.RedisMessageListenerContainer  : Postpone listening for Redis messages until actual listeners are added
2018-09-07 09:30:26.378 DEBUG 16936 --- [main] o.s.d.r.l.RedisMessageListenerContainer  : Started RedisMessageListenerContainer
2018-09-07 09:30:28.139  INFO 16936 --- [main] o.s.cloud.commons.util.InetUtils         : Cannot determine local hostname
2018-09-07 09:30:29.442  INFO 16936 --- [main] o.s.cloud.commons.util.InetUtils         : Cannot determine local hostname
2018-09-07 09:30:29.580  INFO 16936 --- [main] o.s.j.e.a.AnnotationMBeanExporter        : Registering beans for JMX exposure on startup
2018-09-07 09:30:29.581  INFO 16936 --- [main] o.s.j.e.a.AnnotationMBeanExporter        : Bean with name 'dataSource' has been autodetected for JMX exposure
2018-09-07 09:30:29.590  INFO 16936 --- [main] o.s.j.e.a.AnnotationMBeanExporter        : Bean with name 'refreshScope' has been autodetected for JMX exposure
2018-09-07 09:30:29.591  INFO 16936 --- [main] o.s.j.e.a.AnnotationMBeanExporter        : Bean with name 'configurationPropertiesRebinder' has been autodetected for JMX exposure
2018-09-07 09:30:29.592  INFO 16936 --- [main] o.s.j.e.a.AnnotationMBeanExporter        : Bean with name 'environmentManager' has been autodetected for JMX exposure
2018-09-07 09:30:29.596  INFO 16936 --- [main] o.s.j.e.a.AnnotationMBeanExporter        : Located managed bean 'environmentManager': registering with JMX server as MBean [org.springframework.cloud.context.environment:name=environmentManager,type=EnvironmentManager]
2018-09-07 09:30:29.607  INFO 16936 --- [main] o.s.j.e.a.AnnotationMBeanExporter        : Located managed bean 'refreshScope': registering with JMX server as MBean [org.springframework.cloud.context.scope.refresh:name=refreshScope,type=RefreshScope]
2018-09-07 09:30:29.615  INFO 16936 --- [main] o.s.j.e.a.AnnotationMBeanExporter        : Located managed bean 'configurationPropertiesRebinder': registering with JMX server as MBean [org.springframework.cloud.context.properties:name=configurationPropertiesRebinder,context=30bce90b,type=ConfigurationPropertiesRebinder]
2018-09-07 09:30:29.620  INFO 16936 --- [main] o.s.j.e.a.AnnotationMBeanExporter        : Located MBean 'dataSource': registering with JMX server as MBean [com.zaxxer.hikari:name=dataSource,type=HikariDataSource]
2018-09-07 09:30:29.625  INFO 16936 --- [main] o.s.c.support.DefaultLifecycleProcessor  : Starting beans in phase 0
2018-09-07 09:30:29.636  INFO 16936 --- [main] o.s.c.n.eureka.InstanceInfoFactory       : Setting initial instance status as: STARTING
2018-09-07 09:30:29.668  INFO 16936 --- [main] com.netflix.discovery.DiscoveryClient    : Initializing Eureka in region us-east-1
2018-09-07 09:30:29.939  INFO 16936 --- [main] c.n.d.provider.DiscoveryJerseyProvider   : Using JSON encoding codec LegacyJacksonJson
2018-09-07 09:30:29.939  INFO 16936 --- [main] c.n.d.provider.DiscoveryJerseyProvider   : Using JSON decoding codec LegacyJacksonJson
2018-09-07 09:30:30.045  INFO 16936 --- [main] c.n.d.provider.DiscoveryJerseyProvider   : Using XML encoding codec XStreamXml
2018-09-07 09:30:30.046  INFO 16936 --- [main] c.n.d.provider.DiscoveryJerseyProvider   : Using XML decoding codec XStreamXml
2018-09-07 09:30:30.198  INFO 16936 --- [main] c.n.d.s.r.aws.ConfigClusterResolver      : Resolving eureka endpoints via configuration
2018-09-07 09:30:30.539  INFO 16936 --- [main] com.netflix.discovery.DiscoveryClient    : Disable delta property : false
2018-09-07 09:30:30.540  INFO 16936 --- [main] com.netflix.discovery.DiscoveryClient    : Single vip registry refresh property : null
2018-09-07 09:30:30.540  INFO 16936 --- [main] com.netflix.discovery.DiscoveryClient    : Force full registry fetch : false
2018-09-07 09:30:30.540  INFO 16936 --- [main] com.netflix.discovery.DiscoveryClient    : Application is null : false
2018-09-07 09:30:30.540  INFO 16936 --- [main] com.netflix.discovery.DiscoveryClient    : Registered Applications size is zero : true
2018-09-07 09:30:30.540  INFO 16936 --- [main] com.netflix.discovery.DiscoveryClient    : Application version is -1: true
2018-09-07 09:30:30.540  INFO 16936 --- [main] com.netflix.discovery.DiscoveryClient    : Getting all instance registry info from the eureka server
2018-09-07 09:30:30.780  INFO 16936 --- [main] com.netflix.discovery.DiscoveryClient    : The response status is 200
2018-09-07 09:30:30.782  INFO 16936 --- [main] com.netflix.discovery.DiscoveryClient    : Starting heartbeat executor: renew interval is: 30
2018-09-07 09:30:30.785  INFO 16936 --- [main] c.n.discovery.InstanceInfoReplicator     : InstanceInfoReplicator onDemand update allowed rate per min is 4
2018-09-07 09:30:30.788  INFO 16936 --- [main] com.netflix.discovery.DiscoveryClient    : Discovery Client initialized at timestamp 1536283830787 with initial instances count: 0
2018-09-07 09:30:30.795  INFO 16936 --- [main] o.s.c.n.e.s.EurekaServiceRegistry        : Registering application clongulin with eureka with status UP
2018-09-07 09:30:30.796  INFO 16936 --- [main] com.netflix.discovery.DiscoveryClient    : Saw local status change event StatusChangeEvent [timestamp=1536283830796, current=UP, previous=STARTING]
2018-09-07 09:30:30.797  INFO 16936 --- [DiscoveryClient-InstanceInfoReplicator-0] com.netflix.discovery.DiscoveryClient    : DiscoveryClient_CLONGULIN/localhost:8081: registering service...
2018-09-07 09:30:30.842  INFO 16936 --- [main] o.s.b.w.embedded.tomcat.TomcatWebServer  : Tomcat started on port(s): 8081 (http) with context path ''
2018-09-07 09:30:30.843  INFO 16936 --- [main] .s.c.n.e.s.EurekaAutoServiceRegistration : Updating port to 8081
2018-09-07 09:30:30.846  INFO 16936 --- [main] com.castor.ClongulinApplication          : Started ClongulinApplication in 14.844 seconds (JVM running for 16.021)
2018-09-07 09:30:30.885  INFO 16936 --- [DiscoveryClient-InstanceInfoReplicator-0] com.netflix.discovery.DiscoveryClient    : DiscoveryClient_CLONGULIN/localhost:8081 - registration status: 204
2018-09-07 09:31:00.783  INFO 16936 --- [DiscoveryClient-CacheRefreshExecutor-0] com.netflix.discovery.DiscoveryClient    : Disable delta property : false
2018-09-07 09:31:00.783  INFO 16936 --- [DiscoveryClient-CacheRefreshExecutor-0] com.netflix.discovery.DiscoveryClient    : Single vip registry refresh property : null
2018-09-07 09:31:00.783  INFO 16936 --- [DiscoveryClient-CacheRefreshExecutor-0] com.netflix.discovery.DiscoveryClient    : Force full registry fetch : false
2018-09-07 09:31:00.783  INFO 16936 --- [DiscoveryClient-CacheRefreshExecutor-0] com.netflix.discovery.DiscoveryClient    : Application is null : false
2018-09-07 09:31:00.783  INFO 16936 --- [DiscoveryClient-CacheRefreshExecutor-0] com.netflix.discovery.DiscoveryClient    : Registered Applications size is zero : true
2018-09-07 09:31:00.783  INFO 16936 --- [DiscoveryClient-CacheRefreshExecutor-0] com.netflix.discovery.DiscoveryClient    : Application version is -1: false
2018-09-07 09:31:00.783  INFO 16936 --- [DiscoveryClient-CacheRefreshExecutor-0] com.netflix.discovery.DiscoveryClient    : Getting all instance registry info from the eureka server
2018-09-07 09:31:00.821  INFO 16936 --- [DiscoveryClient-CacheRefreshExecutor-0] com.netflix.discovery.DiscoveryClient    : The response status is 200
2018-09-07 09:31:12.569  INFO 16936 --- [http-nio-8081-exec-1] o.a.c.c.C.[Tomcat].[localhost].[/]       : Initializing Spring FrameworkServlet 'dispatcherServlet'
2018-09-07 09:31:12.570  INFO 16936 --- [http-nio-8081-exec-1] o.s.web.servlet.DispatcherServlet        : FrameworkServlet 'dispatcherServlet': initialization started
2018-09-07 09:31:12.588  INFO 16936 --- [http-nio-8081-exec-1] o.s.web.servlet.DispatcherServlet        : FrameworkServlet 'dispatcherServlet': initialization completed in 18 ms
2018-09-07 09:31:12.607  INFO 16936 --- [http-nio-8081-exec-1] com.castor.controller.DemoController     : KO, nishuone
2018-09-07 09:31:12.656 DEBUG 16936 --- [http-nio-8081-exec-1] o.s.d.redis.core.RedisConnectionUtils    : Opening RedisConnection
2018-09-07 09:31:12.745  INFO 16936 --- [http-nio-8081-exec-1] io.lettuce.core.EpollProvider            : Starting without optional epoll library
2018-09-07 09:31:12.747  INFO 16936 --- [http-nio-8081-exec-1] io.lettuce.core.KqueueProvider           : Starting without optional kqueue library
2018-09-07 09:31:13.126 DEBUG 16936 --- [http-nio-8081-exec-1] o.s.d.redis.core.RedisConnectionUtils    : Closing Redis Connection
2018-09-07 09:31:13.127 DEBUG 16936 --- [http-nio-8081-exec-1] o.s.d.redis.core.RedisConnectionUtils    : Opening RedisConnection
2018-09-07 09:31:13.129 DEBUG 16936 --- [http-nio-8081-exec-1] o.s.d.redis.core.RedisConnectionUtils    : Closing Redis Connection
2018-09-07 09:31:56.720  INFO 16936 --- [http-nio-8081-exec-4] com.castor.controller.DemoController     : KO, nishuone
2018-09-07 09:31:56.723 DEBUG 16936 --- [http-nio-8081-exec-4] o.s.d.redis.core.RedisConnectionUtils    : Opening RedisConnection
2018-09-07 09:31:56.725 DEBUG 16936 --- [http-nio-8081-exec-4] o.s.d.redis.core.RedisConnectionUtils    : Closing Redis Connection
2018-09-07 09:31:56.725 DEBUG 16936 --- [http-nio-8081-exec-4] o.s.d.redis.core.RedisConnectionUtils    : Opening RedisConnection
2018-09-07 09:31:56.726 DEBUG 16936 --- [http-nio-8081-exec-4] o.s.d.redis.core.RedisConnectionUtils    : Closing Redis Connection
2018-09-07 09:34:01.607  INFO 16936 --- [http-nio-8081-exec-6] com.castor.controller.DemoController     : KO, nishuone
2018-09-07 09:34:01.610 DEBUG 16936 --- [http-nio-8081-exec-6] o.s.d.redis.core.RedisConnectionUtils    : Opening RedisConnection
2018-09-07 09:34:01.612 DEBUG 16936 --- [http-nio-8081-exec-6] o.s.d.redis.core.RedisConnectionUtils    : Closing Redis Connection
2018-09-07 09:34:01.612 DEBUG 16936 --- [http-nio-8081-exec-6] o.s.d.redis.core.RedisConnectionUtils    : Opening RedisConnection
2018-09-07 09:34:01.613 DEBUG 16936 --- [http-nio-8081-exec-6] o.s.d.redis.core.RedisConnectionUtils    : Closing Redis Connection
2018-09-07 09:35:30.542  INFO 16936 --- [AsyncResolver-bootstrap-executor-0] c.n.d.s.r.aws.ConfigClusterResolver      : Resolving eureka endpoints via configuration
2018-09-07 09:40:30.545  INFO 16936 --- [AsyncResolver-bootstrap-executor-0] c.n.d.s.r.aws.ConfigClusterResolver      : Resolving eureka endpoints via configuration
2018-09-07 09:45:30.546  INFO 16936 --- [AsyncResolver-bootstrap-executor-0] c.n.d.s.r.aws.ConfigClusterResolver      : Resolving eureka endpoints via configuration
2018-09-07 09:50:30.547  INFO 16936 --- [AsyncResolver-bootstrap-executor-0] c.n.d.s.r.aws.ConfigClusterResolver      : Resolving eureka endpoints via configuration
2018-09-07 09:55:30.547  INFO 16936 --- [AsyncResolver-bootstrap-executor-0] c.n.d.s.r.aws.ConfigClusterResolver      : Resolving eureka endpoints via configuration
2018-09-07 09:58:11.325  INFO 29416 --- [main] com.castor.ClongulinApplication          : The following profiles are active: test
2018-09-07 09:58:11.352  INFO 29416 --- [main] ConfigServletWebServerApplicationContext : Refreshing org.springframework.boot.web.servlet.context.AnnotationConfigServletWebServerApplicationContext@1fb19a0: startup date [Fri Sep 07 09:58:11 CST 2018]; parent: org.springframework.context.annotation.AnnotationConfigApplicationContext@75d4a5c2
2018-09-07 09:58:11.985  INFO 29416 --- [main] .s.d.r.c.RepositoryConfigurationDelegate : Multiple Spring Data modules found, entering strict repository configuration mode!
2018-09-07 09:58:12.003 DEBUG 29416 --- [main] o.s.d.r.c.RepositoryComponentProvider    : Identified candidate component class: file [D:\Castor\duliday\clongulinud\clongulin\target\classes\com\castor\database\repositories\DemoRepository.class]
2018-09-07 09:58:12.045 DEBUG 29416 --- [main] .s.d.r.c.RepositoryConfigurationDelegate : Spring Data JPA - Registering repository: demoRepository - Interface: com.castor.database.repositories.DemoRepository - Factory: org.springframework.data.jpa.repository.support.JpaRepositoryFactoryBean
2018-09-07 09:58:12.055  INFO 29416 --- [main] .s.d.r.c.RepositoryConfigurationDelegate : Multiple Spring Data modules found, entering strict repository configuration mode!
2018-09-07 09:58:12.067 DEBUG 29416 --- [main] o.s.d.r.c.RepositoryComponentProvider    : Identified candidate component class: file [D:\Castor\duliday\clongulinud\clongulin\target\classes\com\castor\database\repositories\DemoRepository.class]
2018-09-07 09:58:12.069  INFO 29416 --- [main] .RepositoryConfigurationExtensionSupport : Spring Data Redis - Could not safely identify store assignment for repository candidate interface com.castor.database.repositories.DemoRepository.
2018-09-07 09:58:12.195  INFO 29416 --- [main] o.s.b.f.s.DefaultListableBeanFactory     : Overriding bean definition for bean 'dataSource' with a different definition: replacing [Root bean: class [null]; scope=refresh; abstract=false; lazyInit=false; autowireMode=3; dependencyCheck=0; autowireCandidate=false; primary=false; factoryBeanName=org.springframework.boot.autoconfigure.jdbc.DataSourceConfiguration$Hikari; factoryMethodName=dataSource; initMethodName=null; destroyMethodName=(inferred); defined in class path resource [org/springframework/boot/autoconfigure/jdbc/DataSourceConfiguration$Hikari.class]] with [Root bean: class [org.springframework.aop.scope.ScopedProxyFactoryBean]; scope=; abstract=false; lazyInit=false; autowireMode=0; dependencyCheck=0; autowireCandidate=true; primary=false; factoryBeanName=null; factoryMethodName=null; initMethodName=null; destroyMethodName=null; defined in BeanDefinition defined in class path resource [org/springframework/boot/autoconfigure/jdbc/DataSourceConfiguration$Hikari.class]]
2018-09-07 09:58:12.333  INFO 29416 --- [main] o.s.cloud.context.scope.GenericScope     : BeanFactory id=f24b392a-8d84-3309-9f22-9e2d4d038a34
2018-09-07 09:58:12.367  INFO 29416 --- [main] f.a.AutowiredAnnotationBeanPostProcessor : JSR-330 'javax.inject.Inject' annotation found and supported for autowiring
2018-09-07 09:58:12.522  INFO 29416 --- [main] trationDelegate$BeanPostProcessorChecker : Bean 'org.springframework.transaction.annotation.ProxyTransactionManagementConfiguration' of type [org.springframework.transaction.annotation.ProxyTransactionManagementConfiguration$$EnhancerBySpringCGLIB$$89988a2b] is not eligible for getting processed by all BeanPostProcessors (for example: not eligible for auto-proxying)
2018-09-07 09:58:12.643  INFO 29416 --- [main] trationDelegate$BeanPostProcessorChecker : Bean 'org.springframework.cloud.autoconfigure.ConfigurationPropertiesRebinderAutoConfiguration' of type [org.springframework.cloud.autoconfigure.ConfigurationPropertiesRebinderAutoConfiguration$$EnhancerBySpringCGLIB$$a5b28d28] is not eligible for getting processed by all BeanPostProcessors (for example: not eligible for auto-proxying)
2018-09-07 09:58:13.104  INFO 29416 --- [main] o.s.b.w.embedded.tomcat.TomcatWebServer  : Tomcat initialized with port(s): 8081 (http)
2018-09-07 09:58:13.136  INFO 29416 --- [main] o.apache.catalina.core.StandardService   : Starting service [Tomcat]
2018-09-07 09:58:13.137  INFO 29416 --- [main] org.apache.catalina.core.StandardEngine  : Starting Servlet Engine: Apache Tomcat/8.5.32
2018-09-07 09:58:13.143  INFO 29416 --- [localhost-startStop-1] o.a.catalina.core.AprLifecycleListener   : The APR based Apache Tomcat Native library which allows optimal performance in production environments was not found on the java.library.path: [D:\Castor\Java\jdk1.8.0_144\bin;C:\WINDOWS\Sun\Java\bin;C:\WINDOWS\system32;C:\WINDOWS;D:\Castor\Java\jdk1.8.0_144\bin;D:\Castor\Java\jdk1.8.0_144\jre\bin;D:\Castor\Scala\bin;D:\Castor\Scala\jre\bin;C:\ProgramData\Oracle\Java\javapath;C:\Program Files (x86)\Intel\iCLS Client\;C:\Program Files\Intel\iCLS Client\;C:\Windows\system32;C:\Windows;C:\Windows\System32\Wbem;C:\Windows\System32\WindowsPowerShell\v1.0\;C:\Program Files (x86)\NVIDIA Corporation\PhysX\Common;C:\Program Files (x86)\Intel\Intel(R) Management Engine Components\DAL;C:\Program Files\Intel\Intel(R) Management Engine Components\DAL;C:\Program Files (x86)\Intel\Intel(R) Management Engine Components\IPT;C:\Program Files\Intel\Intel(R) Management Engine Components\IPT;C:\WINDOWS\system32;C:\WINDOWS;C:\WINDOWS\System32\Wbem;C:\WINDOWS\System32\WindowsPowerShell\v1.0\;D:\Castor\Sbt\bin;D:\Castor\apache-maven-3.5.2\bin;D:\Castor\gradle-3.4\bin;D:\Castor\typesafe-activator-1.3.12\activator-dist-1.3.12\bin;D:\Castor\zips\curl-7.46.0-win64\bin;D:\Castor\Program Files\database\bin;D:\Program Files\Git\cmd;D:\Castor\Python\Python363\Scripts\;D:\Castor\Python\Python363\;C:\Users\72906\AppData\Local\Microsoft\WindowsApps;C:\Users\72906\AppData\Local\GitHubDesktop\bin;.]
2018-09-07 09:58:13.285  INFO 29416 --- [localhost-startStop-1] o.a.c.c.C.[Tomcat].[localhost].[/]       : Initializing Spring embedded WebApplicationContext
2018-09-07 09:58:13.285  INFO 29416 --- [localhost-startStop-1] o.s.web.context.ContextLoader            : Root WebApplicationContext: initialization completed in 1934 ms
2018-09-07 09:58:13.360  INFO 29416 --- [localhost-startStop-1] o.s.b.w.servlet.ServletRegistrationBean  : Servlet dispatcherServlet mapped to [/]
2018-09-07 09:58:13.365  INFO 29416 --- [localhost-startStop-1] o.s.b.w.servlet.FilterRegistrationBean   : Mapping filter: 'characterEncodingFilter' to: [/*]
2018-09-07 09:58:13.366  INFO 29416 --- [localhost-startStop-1] o.s.b.w.servlet.FilterRegistrationBean   : Mapping filter: 'hiddenHttpMethodFilter' to: [/*]
2018-09-07 09:58:13.366  INFO 29416 --- [localhost-startStop-1] o.s.b.w.servlet.FilterRegistrationBean   : Mapping filter: 'httpPutFormContentFilter' to: [/*]
2018-09-07 09:58:13.366  INFO 29416 --- [localhost-startStop-1] o.s.b.w.servlet.FilterRegistrationBean   : Mapping filter: 'requestContextFilter' to: [/*]
2018-09-07 09:58:13.537  INFO 29416 --- [main] com.zaxxer.hikari.HikariDataSource       : HikariPool-1 - Starting...
2018-09-07 09:58:13.685  INFO 29416 --- [main] com.zaxxer.hikari.HikariDataSource       : HikariPool-1 - Start completed.
2018-09-07 09:58:13.721  INFO 29416 --- [main] j.LocalContainerEntityManagerFactoryBean : Building JPA container EntityManagerFactory for persistence unit 'default'
2018-09-07 09:58:14.036  INFO 29416 --- [main] j.LocalContainerEntityManagerFactoryBean : Initialized JPA EntityManagerFactory for persistence unit 'default'
2018-09-07 09:58:14.436 DEBUG 29416 --- [main] o.s.d.j.r.query.JpaQueryFactory          : Looking up query for method findAllByName
2018-09-07 09:58:14.438 DEBUG 29416 --- [main] o.s.d.jpa.repository.query.NamedQuery    : Looking up named query Demo.findAllByName
2018-09-07 09:58:14.442 DEBUG 29416 --- [main] o.s.d.jpa.repository.query.NamedQuery    : Did not find named query Demo.findAllByName
2018-09-07 09:58:14.807  WARN 29416 --- [main] aWebConfiguration$JpaWebMvcConfiguration : spring.jpa.open-in-view is enabled by default. Therefore, database queries may be performed during view rendering. Explicitly configure spring.jpa.open-in-view to disable this warning
2018-09-07 09:58:14.871  WARN 29416 --- [main] c.n.c.sources.URLConfigurationSource     : No URLs will be polled as dynamic configuration sources.
2018-09-07 09:58:14.871  INFO 29416 --- [main] c.n.c.sources.URLConfigurationSource     : To enable URLs as dynamic configuration sources, define System property archaius.configurationSource.additionalUrls or make config.properties available on classpath.
2018-09-07 09:58:14.879  WARN 29416 --- [main] c.n.c.sources.URLConfigurationSource     : No URLs will be polled as dynamic configuration sources.
2018-09-07 09:58:14.879  INFO 29416 --- [main] c.n.c.sources.URLConfigurationSource     : To enable URLs as dynamic configuration sources, define System property archaius.configurationSource.additionalUrls or make config.properties available on classpath.
2018-09-07 09:58:15.016  INFO 29416 --- [main] o.s.w.s.handler.SimpleUrlHandlerMapping  : Mapped URL path [/**/favicon.ico] onto handler of type [class org.springframework.web.servlet.resource.ResourceHttpRequestHandler]
2018-09-07 09:58:15.350  INFO 29416 --- [main] s.w.s.m.m.a.RequestMappingHandlerAdapter : Looking for @ControllerAdvice: org.springframework.boot.web.servlet.context.AnnotationConfigServletWebServerApplicationContext@1fb19a0: startup date [Fri Sep 07 09:58:11 CST 2018]; parent: org.springframework.context.annotation.AnnotationConfigApplicationContext@75d4a5c2
2018-09-07 09:58:15.424  INFO 29416 --- [main] s.w.s.m.m.a.RequestMappingHandlerMapping : Mapped "{[/demo],methods=[GET]}" onto public java.lang.String com.castor.controller.DemoController.query(java.lang.String)
2018-09-07 09:58:15.425  INFO 29416 --- [main] s.w.s.m.m.a.RequestMappingHandlerMapping : Mapped "{[/demo/hello],methods=[GET]}" onto public java.lang.Object com.castor.controller.DemoController.demo()
2018-09-07 09:58:15.425  INFO 29416 --- [main] s.w.s.m.m.a.RequestMappingHandlerMapping : Mapped "{[/demo/get],methods=[GET]}" onto public java.lang.Object com.castor.controller.DemoController.demoGet()
2018-09-07 09:58:15.428  INFO 29416 --- [main] s.w.s.m.m.a.RequestMappingHandlerMapping : Mapped "{[/error]}" onto public org.springframework.http.ResponseEntity<java.util.Map<java.lang.String, java.lang.Object>> org.springframework.boot.autoconfigure.web.servlet.error.BasicErrorController.error(javax.servlet.http.HttpServletRequest)
2018-09-07 09:58:15.429  INFO 29416 --- [main] s.w.s.m.m.a.RequestMappingHandlerMapping : Mapped "{[/error],produces=[text/html]}" onto public org.springframework.web.servlet.ModelAndView org.springframework.boot.autoconfigure.web.servlet.error.BasicErrorController.errorHtml(javax.servlet.http.HttpServletRequest,javax.servlet.http.HttpServletResponse)
2018-09-07 09:58:15.476  INFO 29416 --- [main] o.s.w.s.handler.SimpleUrlHandlerMapping  : Mapped URL path [/webjars/**] onto handler of type [class org.springframework.web.servlet.resource.ResourceHttpRequestHandler]
2018-09-07 09:58:15.476  INFO 29416 --- [main] o.s.w.s.handler.SimpleUrlHandlerMapping  : Mapped URL path [/**] onto handler of type [class org.springframework.web.servlet.resource.ResourceHttpRequestHandler]
2018-09-07 09:58:15.885 DEBUG 29416 --- [main] o.s.d.r.l.RedisMessageListenerContainer  : Postpone listening for Redis messages until actual listeners are added
2018-09-07 09:58:15.885 DEBUG 29416 --- [main] o.s.d.r.l.RedisMessageListenerContainer  : Started RedisMessageListenerContainer
2018-09-07 09:58:17.679  INFO 29416 --- [main] o.s.cloud.commons.util.InetUtils         : Cannot determine local hostname
2018-09-07 09:58:19.023  INFO 29416 --- [main] o.s.cloud.commons.util.InetUtils         : Cannot determine local hostname
2018-09-07 09:58:19.145  INFO 29416 --- [main] o.s.j.e.a.AnnotationMBeanExporter        : Registering beans for JMX exposure on startup
2018-09-07 09:58:19.146  INFO 29416 --- [main] o.s.j.e.a.AnnotationMBeanExporter        : Bean with name 'dataSource' has been autodetected for JMX exposure
2018-09-07 09:58:19.153  INFO 29416 --- [main] o.s.j.e.a.AnnotationMBeanExporter        : Bean with name 'refreshScope' has been autodetected for JMX exposure
2018-09-07 09:58:19.154  INFO 29416 --- [main] o.s.j.e.a.AnnotationMBeanExporter        : Bean with name 'configurationPropertiesRebinder' has been autodetected for JMX exposure
2018-09-07 09:58:19.155  INFO 29416 --- [main] o.s.j.e.a.AnnotationMBeanExporter        : Bean with name 'environmentManager' has been autodetected for JMX exposure
2018-09-07 09:58:19.159  INFO 29416 --- [main] o.s.j.e.a.AnnotationMBeanExporter        : Located managed bean 'environmentManager': registering with JMX server as MBean [org.springframework.cloud.context.environment:name=environmentManager,type=EnvironmentManager]
2018-09-07 09:58:19.170  INFO 29416 --- [main] o.s.j.e.a.AnnotationMBeanExporter        : Located managed bean 'refreshScope': registering with JMX server as MBean [org.springframework.cloud.context.scope.refresh:name=refreshScope,type=RefreshScope]
2018-09-07 09:58:19.178  INFO 29416 --- [main] o.s.j.e.a.AnnotationMBeanExporter        : Located managed bean 'configurationPropertiesRebinder': registering with JMX server as MBean [org.springframework.cloud.context.properties:name=configurationPropertiesRebinder,context=1fb19a0,type=ConfigurationPropertiesRebinder]
2018-09-07 09:58:19.182  INFO 29416 --- [main] o.s.j.e.a.AnnotationMBeanExporter        : Located MBean 'dataSource': registering with JMX server as MBean [com.zaxxer.hikari:name=dataSource,type=HikariDataSource]
2018-09-07 09:58:19.187  INFO 29416 --- [main] o.s.c.support.DefaultLifecycleProcessor  : Starting beans in phase 0
2018-09-07 09:58:19.199  INFO 29416 --- [main] o.s.c.n.eureka.InstanceInfoFactory       : Setting initial instance status as: STARTING
2018-09-07 09:58:19.225  INFO 29416 --- [main] com.netflix.discovery.DiscoveryClient    : Initializing Eureka in region us-east-1
2018-09-07 09:58:19.567  INFO 29416 --- [main] c.n.d.provider.DiscoveryJerseyProvider   : Using JSON encoding codec LegacyJacksonJson
2018-09-07 09:58:19.568  INFO 29416 --- [main] c.n.d.provider.DiscoveryJerseyProvider   : Using JSON decoding codec LegacyJacksonJson
2018-09-07 09:58:19.689  INFO 29416 --- [main] c.n.d.provider.DiscoveryJerseyProvider   : Using XML encoding codec XStreamXml
2018-09-07 09:58:19.689  INFO 29416 --- [main] c.n.d.provider.DiscoveryJerseyProvider   : Using XML decoding codec XStreamXml
2018-09-07 09:58:19.903  INFO 29416 --- [main] c.n.d.s.r.aws.ConfigClusterResolver      : Resolving eureka endpoints via configuration
2018-09-07 09:58:20.307  INFO 29416 --- [main] com.netflix.discovery.DiscoveryClient    : Disable delta property : false
2018-09-07 09:58:20.307  INFO 29416 --- [main] com.netflix.discovery.DiscoveryClient    : Single vip registry refresh property : null
2018-09-07 09:58:20.307  INFO 29416 --- [main] com.netflix.discovery.DiscoveryClient    : Force full registry fetch : false
2018-09-07 09:58:20.307  INFO 29416 --- [main] com.netflix.discovery.DiscoveryClient    : Application is null : false
2018-09-07 09:58:20.307  INFO 29416 --- [main] com.netflix.discovery.DiscoveryClient    : Registered Applications size is zero : true
2018-09-07 09:58:20.307  INFO 29416 --- [main] com.netflix.discovery.DiscoveryClient    : Application version is -1: true
2018-09-07 09:58:20.307  INFO 29416 --- [main] com.netflix.discovery.DiscoveryClient    : Getting all instance registry info from the eureka server
2018-09-07 09:58:20.528  INFO 29416 --- [main] com.netflix.discovery.DiscoveryClient    : The response status is 200
2018-09-07 09:58:20.531  INFO 29416 --- [main] com.netflix.discovery.DiscoveryClient    : Starting heartbeat executor: renew interval is: 30
2018-09-07 09:58:20.534  INFO 29416 --- [main] c.n.discovery.InstanceInfoReplicator     : InstanceInfoReplicator onDemand update allowed rate per min is 4
2018-09-07 09:58:20.538  INFO 29416 --- [main] com.netflix.discovery.DiscoveryClient    : Discovery Client initialized at timestamp 1536285500537 with initial instances count: 0
2018-09-07 09:58:20.545  INFO 29416 --- [main] o.s.c.n.e.s.EurekaServiceRegistry        : Registering application clongulin with eureka with status UP
2018-09-07 09:58:20.546  INFO 29416 --- [main] com.netflix.discovery.DiscoveryClient    : Saw local status change event StatusChangeEvent [timestamp=1536285500545, current=UP, previous=STARTING]
2018-09-07 09:58:20.548  INFO 29416 --- [DiscoveryClient-InstanceInfoReplicator-0] com.netflix.discovery.DiscoveryClient    : DiscoveryClient_CLONGULIN/localhost:8081: registering service...
2018-09-07 09:58:20.602  INFO 29416 --- [main] o.s.b.w.embedded.tomcat.TomcatWebServer  : Tomcat started on port(s): 8081 (http) with context path ''
2018-09-07 09:58:20.604  INFO 29416 --- [main] .s.c.n.e.s.EurekaAutoServiceRegistration : Updating port to 8081
2018-09-07 09:58:20.610  INFO 29416 --- [main] com.castor.ClongulinApplication          : Started ClongulinApplication in 14.067 seconds (JVM running for 15.136)
2018-09-07 09:58:20.649  INFO 29416 --- [DiscoveryClient-InstanceInfoReplicator-0] com.netflix.discovery.DiscoveryClient    : DiscoveryClient_CLONGULIN/localhost:8081 - registration status: 204
2018-09-07 09:58:50.532  INFO 29416 --- [DiscoveryClient-CacheRefreshExecutor-0] com.netflix.discovery.DiscoveryClient    : Disable delta property : false
2018-09-07 09:58:50.532  INFO 29416 --- [DiscoveryClient-CacheRefreshExecutor-0] com.netflix.discovery.DiscoveryClient    : Single vip registry refresh property : null
2018-09-07 09:58:50.532  INFO 29416 --- [DiscoveryClient-CacheRefreshExecutor-0] com.netflix.discovery.DiscoveryClient    : Force full registry fetch : false
2018-09-07 09:58:50.532  INFO 29416 --- [DiscoveryClient-CacheRefreshExecutor-0] com.netflix.discovery.DiscoveryClient    : Application is null : false
2018-09-07 09:58:50.532  INFO 29416 --- [DiscoveryClient-CacheRefreshExecutor-0] com.netflix.discovery.DiscoveryClient    : Registered Applications size is zero : true
2018-09-07 09:58:50.532  INFO 29416 --- [DiscoveryClient-CacheRefreshExecutor-0] com.netflix.discovery.DiscoveryClient    : Application version is -1: false
2018-09-07 09:58:50.532  INFO 29416 --- [DiscoveryClient-CacheRefreshExecutor-0] com.netflix.discovery.DiscoveryClient    : Getting all instance registry info from the eureka server
2018-09-07 09:58:50.579  INFO 29416 --- [DiscoveryClient-CacheRefreshExecutor-0] com.netflix.discovery.DiscoveryClient    : The response status is 200
2018-09-07 10:03:20.310  INFO 29416 --- [AsyncResolver-bootstrap-executor-0] c.n.d.s.r.aws.ConfigClusterResolver      : Resolving eureka endpoints via configuration
2018-09-07 10:08:20.312  INFO 29416 --- [AsyncResolver-bootstrap-executor-0] c.n.d.s.r.aws.ConfigClusterResolver      : Resolving eureka endpoints via configuration
2018-09-07 10:13:20.313  INFO 29416 --- [AsyncResolver-bootstrap-executor-0] c.n.d.s.r.aws.ConfigClusterResolver      : Resolving eureka endpoints via configuration
2018-09-07 10:18:20.314  INFO 29416 --- [AsyncResolver-bootstrap-executor-0] c.n.d.s.r.aws.ConfigClusterResolver      : Resolving eureka endpoints via configuration
2018-09-07 10:23:20.316  INFO 29416 --- [AsyncResolver-bootstrap-executor-0] c.n.d.s.r.aws.ConfigClusterResolver      : Resolving eureka endpoints via configuration
2018-09-07 10:27:36.930  INFO 29416 --- [http-nio-8081-exec-1] o.a.c.c.C.[Tomcat].[localhost].[/]       : Initializing Spring FrameworkServlet 'dispatcherServlet'
2018-09-07 10:27:36.930  INFO 29416 --- [http-nio-8081-exec-1] o.s.web.servlet.DispatcherServlet        : FrameworkServlet 'dispatcherServlet': initialization started
2018-09-07 10:27:36.950  INFO 29416 --- [http-nio-8081-exec-1] o.s.web.servlet.DispatcherServlet        : FrameworkServlet 'dispatcherServlet': initialization completed in 20 ms
2018-09-07 10:27:36.972  INFO 29416 --- [http-nio-8081-exec-1] com.castor.controller.DemoController     : KO, nishuone
2018-09-07 10:27:37.030 DEBUG 29416 --- [http-nio-8081-exec-1] o.s.d.redis.core.RedisConnectionUtils    : Opening RedisConnection
2018-09-07 10:27:37.120  INFO 29416 --- [http-nio-8081-exec-1] io.lettuce.core.EpollProvider            : Starting without optional epoll library
2018-09-07 10:27:37.121  INFO 29416 --- [http-nio-8081-exec-1] io.lettuce.core.KqueueProvider           : Starting without optional kqueue library
2018-09-07 10:27:37.544 DEBUG 29416 --- [http-nio-8081-exec-1] o.s.d.redis.core.RedisConnectionUtils    : Closing Redis Connection
2018-09-07 10:27:37.546 DEBUG 29416 --- [http-nio-8081-exec-1] o.s.d.redis.core.RedisConnectionUtils    : Opening RedisConnection
2018-09-07 10:27:37.547 DEBUG 29416 --- [http-nio-8081-exec-1] o.s.d.redis.core.RedisConnectionUtils    : Closing Redis Connection
2018-09-07 10:27:39.565  INFO 29416 --- [http-nio-8081-exec-3] com.castor.controller.DemoController     : KO, nishuone
2018-09-07 10:27:39.567 DEBUG 29416 --- [http-nio-8081-exec-3] o.s.d.redis.core.RedisConnectionUtils    : Opening RedisConnection
2018-09-07 10:27:39.569 DEBUG 29416 --- [http-nio-8081-exec-3] o.s.d.redis.core.RedisConnectionUtils    : Closing Redis Connection
2018-09-07 10:27:39.569 DEBUG 29416 --- [http-nio-8081-exec-3] o.s.d.redis.core.RedisConnectionUtils    : Opening RedisConnection
2018-09-07 10:27:39.570 DEBUG 29416 --- [http-nio-8081-exec-3] o.s.d.redis.core.RedisConnectionUtils    : Closing Redis Connection
2018-09-07 10:28:20.317  INFO 29416 --- [AsyncResolver-bootstrap-executor-0] c.n.d.s.r.aws.ConfigClusterResolver      : Resolving eureka endpoints via configuration
2018-09-07 10:32:04.649  INFO 29416 --- [http-nio-8081-exec-7] com.castor.controller.DemoController     : KO, nishuone
2018-09-07 10:32:04.654 DEBUG 29416 --- [http-nio-8081-exec-7] o.s.d.redis.core.RedisConnectionUtils    : Opening RedisConnection
2018-09-07 10:32:04.656 DEBUG 29416 --- [http-nio-8081-exec-7] o.s.d.redis.core.RedisConnectionUtils    : Closing Redis Connection
2018-09-07 10:32:04.656 DEBUG 29416 --- [http-nio-8081-exec-7] o.s.d.redis.core.RedisConnectionUtils    : Opening RedisConnection
2018-09-07 10:32:04.658 DEBUG 29416 --- [http-nio-8081-exec-7] o.s.d.redis.core.RedisConnectionUtils    : Closing Redis Connection
2018-09-07 10:32:05.443  INFO 29416 --- [http-nio-8081-exec-8] com.castor.controller.DemoController     : KO, nishuone
2018-09-07 10:32:05.446 DEBUG 29416 --- [http-nio-8081-exec-8] o.s.d.redis.core.RedisConnectionUtils    : Opening RedisConnection
2018-09-07 10:32:05.447 DEBUG 29416 --- [http-nio-8081-exec-8] o.s.d.redis.core.RedisConnectionUtils    : Closing Redis Connection
2018-09-07 10:32:05.447 DEBUG 29416 --- [http-nio-8081-exec-8] o.s.d.redis.core.RedisConnectionUtils    : Opening RedisConnection
2018-09-07 10:32:05.448 DEBUG 29416 --- [http-nio-8081-exec-8] o.s.d.redis.core.RedisConnectionUtils    : Closing Redis Connection
2018-09-07 10:33:20.318  INFO 29416 --- [AsyncResolver-bootstrap-executor-0] c.n.d.s.r.aws.ConfigClusterResolver      : Resolving eureka endpoints via configuration
2018-09-07 10:37:41.194  INFO 10760 --- [main] com.castor.ClongulinApplication          : The following profiles are active: test
2018-09-07 10:37:41.208  INFO 10760 --- [main] ConfigServletWebServerApplicationContext : Refreshing org.springframework.boot.web.servlet.context.AnnotationConfigServletWebServerApplicationContext@73a8da0f: startup date [Fri Sep 07 10:37:41 CST 2018]; parent: org.springframework.context.annotation.AnnotationConfigApplicationContext@175c2241
2018-09-07 10:37:41.722  INFO 10760 --- [main] .s.d.r.c.RepositoryConfigurationDelegate : Multiple Spring Data modules found, entering strict repository configuration mode!
2018-09-07 10:37:41.736 DEBUG 10760 --- [main] o.s.d.r.c.RepositoryComponentProvider    : Identified candidate component class: file [D:\Castor\duliday\clongulinud\clongulin\target\classes\com\castor\database\repositories\DemoRepository.class]
2018-09-07 10:37:41.779 DEBUG 10760 --- [main] .s.d.r.c.RepositoryConfigurationDelegate : Spring Data JPA - Registering repository: demoRepository - Interface: com.castor.database.repositories.DemoRepository - Factory: org.springframework.data.jpa.repository.support.JpaRepositoryFactoryBean
2018-09-07 10:37:41.790  INFO 10760 --- [main] .s.d.r.c.RepositoryConfigurationDelegate : Multiple Spring Data modules found, entering strict repository configuration mode!
2018-09-07 10:37:41.801 DEBUG 10760 --- [main] o.s.d.r.c.RepositoryComponentProvider    : Identified candidate component class: file [D:\Castor\duliday\clongulinud\clongulin\target\classes\com\castor\database\repositories\DemoRepository.class]
2018-09-07 10:37:41.804  INFO 10760 --- [main] .RepositoryConfigurationExtensionSupport : Spring Data Redis - Could not safely identify store assignment for repository candidate interface com.castor.database.repositories.DemoRepository.
2018-09-07 10:37:41.944  INFO 10760 --- [main] o.s.b.f.s.DefaultListableBeanFactory     : Overriding bean definition for bean 'dataSource' with a different definition: replacing [Root bean: class [null]; scope=refresh; abstract=false; lazyInit=false; autowireMode=3; dependencyCheck=0; autowireCandidate=false; primary=false; factoryBeanName=org.springframework.boot.autoconfigure.jdbc.DataSourceConfiguration$Hikari; factoryMethodName=dataSource; initMethodName=null; destroyMethodName=(inferred); defined in class path resource [org/springframework/boot/autoconfigure/jdbc/DataSourceConfiguration$Hikari.class]] with [Root bean: class [org.springframework.aop.scope.ScopedProxyFactoryBean]; scope=; abstract=false; lazyInit=false; autowireMode=0; dependencyCheck=0; autowireCandidate=true; primary=false; factoryBeanName=null; factoryMethodName=null; initMethodName=null; destroyMethodName=null; defined in BeanDefinition defined in class path resource [org/springframework/boot/autoconfigure/jdbc/DataSourceConfiguration$Hikari.class]]
2018-09-07 10:37:42.074  INFO 10760 --- [main] o.s.cloud.context.scope.GenericScope     : BeanFactory id=f24b392a-8d84-3309-9f22-9e2d4d038a34
2018-09-07 10:37:42.094  INFO 10760 --- [main] f.a.AutowiredAnnotationBeanPostProcessor : JSR-330 'javax.inject.Inject' annotation found and supported for autowiring
2018-09-07 10:37:42.212  INFO 10760 --- [main] trationDelegate$BeanPostProcessorChecker : Bean 'org.springframework.transaction.annotation.ProxyTransactionManagementConfiguration' of type [org.springframework.transaction.annotation.ProxyTransactionManagementConfiguration$$EnhancerBySpringCGLIB$$22c77ccd] is not eligible for getting processed by all BeanPostProcessors (for example: not eligible for auto-proxying)
2018-09-07 10:37:42.329  INFO 10760 --- [main] trationDelegate$BeanPostProcessorChecker : Bean 'org.springframework.cloud.autoconfigure.ConfigurationPropertiesRebinderAutoConfiguration' of type [org.springframework.cloud.autoconfigure.ConfigurationPropertiesRebinderAutoConfiguration$$EnhancerBySpringCGLIB$$3ee17fca] is not eligible for getting processed by all BeanPostProcessors (for example: not eligible for auto-proxying)
2018-09-07 10:37:42.739  INFO 10760 --- [main] o.s.b.w.embedded.tomcat.TomcatWebServer  : Tomcat initialized with port(s): 8083 (http)
2018-09-07 10:37:42.762  INFO 10760 --- [main] o.apache.catalina.core.StandardService   : Starting service [Tomcat]
2018-09-07 10:37:42.762  INFO 10760 --- [main] org.apache.catalina.core.StandardEngine  : Starting Servlet Engine: Apache Tomcat/8.5.32
2018-09-07 10:37:42.766  INFO 10760 --- [localhost-startStop-1] o.a.catalina.core.AprLifecycleListener   : The APR based Apache Tomcat Native library which allows optimal performance in production environments was not found on the java.library.path: [D:\Castor\Java\jdk1.8.0_144\bin;C:\WINDOWS\Sun\Java\bin;C:\WINDOWS\system32;C:\WINDOWS;D:\Castor\Java\jdk1.8.0_144\bin;D:\Castor\Java\jdk1.8.0_144\jre\bin;D:\Castor\Scala\bin;D:\Castor\Scala\jre\bin;C:\ProgramData\Oracle\Java\javapath;C:\Program Files (x86)\Intel\iCLS Client\;C:\Program Files\Intel\iCLS Client\;C:\Windows\system32;C:\Windows;C:\Windows\System32\Wbem;C:\Windows\System32\WindowsPowerShell\v1.0\;C:\Program Files (x86)\NVIDIA Corporation\PhysX\Common;C:\Program Files (x86)\Intel\Intel(R) Management Engine Components\DAL;C:\Program Files\Intel\Intel(R) Management Engine Components\DAL;C:\Program Files (x86)\Intel\Intel(R) Management Engine Components\IPT;C:\Program Files\Intel\Intel(R) Management Engine Components\IPT;C:\WINDOWS\system32;C:\WINDOWS;C:\WINDOWS\System32\Wbem;C:\WINDOWS\System32\WindowsPowerShell\v1.0\;D:\Castor\Sbt\bin;D:\Castor\apache-maven-3.5.2\bin;D:\Castor\gradle-3.4\bin;D:\Castor\typesafe-activator-1.3.12\activator-dist-1.3.12\bin;D:\Castor\zips\curl-7.46.0-win64\bin;D:\Castor\Program Files\database\bin;D:\Program Files\Git\cmd;D:\Castor\Python\Python363\Scripts\;D:\Castor\Python\Python363\;C:\Users\72906\AppData\Local\Microsoft\WindowsApps;C:\Users\72906\AppData\Local\GitHubDesktop\bin;.]
2018-09-07 10:37:42.902  INFO 10760 --- [localhost-startStop-1] o.a.c.c.C.[Tomcat].[localhost].[/]       : Initializing Spring embedded WebApplicationContext
2018-09-07 10:37:42.902  INFO 10760 --- [localhost-startStop-1] o.s.web.context.ContextLoader            : Root WebApplicationContext: initialization completed in 1694 ms
2018-09-07 10:37:42.978  INFO 10760 --- [localhost-startStop-1] o.s.b.w.servlet.ServletRegistrationBean  : Servlet dispatcherServlet mapped to [/]
2018-09-07 10:37:42.983  INFO 10760 --- [localhost-startStop-1] o.s.b.w.servlet.FilterRegistrationBean   : Mapping filter: 'characterEncodingFilter' to: [/*]
2018-09-07 10:37:42.984  INFO 10760 --- [localhost-startStop-1] o.s.b.w.servlet.FilterRegistrationBean   : Mapping filter: 'hiddenHttpMethodFilter' to: [/*]
2018-09-07 10:37:42.984  INFO 10760 --- [localhost-startStop-1] o.s.b.w.servlet.FilterRegistrationBean   : Mapping filter: 'httpPutFormContentFilter' to: [/*]
2018-09-07 10:37:42.984  INFO 10760 --- [localhost-startStop-1] o.s.b.w.servlet.FilterRegistrationBean   : Mapping filter: 'requestContextFilter' to: [/*]
2018-09-07 10:37:43.154  INFO 10760 --- [main] com.zaxxer.hikari.HikariDataSource       : HikariPool-1 - Starting...
2018-09-07 10:37:43.355  INFO 10760 --- [main] com.zaxxer.hikari.HikariDataSource       : HikariPool-1 - Start completed.
2018-09-07 10:37:43.388  INFO 10760 --- [main] j.LocalContainerEntityManagerFactoryBean : Building JPA container EntityManagerFactory for persistence unit 'default'
2018-09-07 10:37:43.743  INFO 10760 --- [main] j.LocalContainerEntityManagerFactoryBean : Initialized JPA EntityManagerFactory for persistence unit 'default'
2018-09-07 10:37:44.099 DEBUG 10760 --- [main] o.s.d.j.r.query.JpaQueryFactory          : Looking up query for method findAllByName
2018-09-07 10:37:44.101 DEBUG 10760 --- [main] o.s.d.jpa.repository.query.NamedQuery    : Looking up named query Demo.findAllByName
2018-09-07 10:37:44.104 DEBUG 10760 --- [main] o.s.d.jpa.repository.query.NamedQuery    : Did not find named query Demo.findAllByName
2018-09-07 10:37:44.384  WARN 10760 --- [main] aWebConfiguration$JpaWebMvcConfiguration : spring.jpa.open-in-view is enabled by default. Therefore, database queries may be performed during view rendering. Explicitly configure spring.jpa.open-in-view to disable this warning
2018-09-07 10:37:44.421  WARN 10760 --- [main] c.n.c.sources.URLConfigurationSource     : No URLs will be polled as dynamic configuration sources.
2018-09-07 10:37:44.422  INFO 10760 --- [main] c.n.c.sources.URLConfigurationSource     : To enable URLs as dynamic configuration sources, define System property archaius.configurationSource.additionalUrls or make config.properties available on classpath.
2018-09-07 10:37:44.425  WARN 10760 --- [main] c.n.c.sources.URLConfigurationSource     : No URLs will be polled as dynamic configuration sources.
2018-09-07 10:37:44.426  INFO 10760 --- [main] c.n.c.sources.URLConfigurationSource     : To enable URLs as dynamic configuration sources, define System property archaius.configurationSource.additionalUrls or make config.properties available on classpath.
2018-09-07 10:37:44.536  INFO 10760 --- [main] o.s.w.s.handler.SimpleUrlHandlerMapping  : Mapped URL path [/**/favicon.ico] onto handler of type [class org.springframework.web.servlet.resource.ResourceHttpRequestHandler]
2018-09-07 10:37:44.789  INFO 10760 --- [main] s.w.s.m.m.a.RequestMappingHandlerAdapter : Looking for @ControllerAdvice: org.springframework.boot.web.servlet.context.AnnotationConfigServletWebServerApplicationContext@73a8da0f: startup date [Fri Sep 07 10:37:41 CST 2018]; parent: org.springframework.context.annotation.AnnotationConfigApplicationContext@175c2241
2018-09-07 10:37:44.841  INFO 10760 --- [main] s.w.s.m.m.a.RequestMappingHandlerMapping : Mapped "{[/demo],methods=[GET]}" onto public java.lang.String com.castor.controller.DemoController.query(java.lang.String)
2018-09-07 10:37:44.842  INFO 10760 --- [main] s.w.s.m.m.a.RequestMappingHandlerMapping : Mapped "{[/demo/get],methods=[GET]}" onto public java.lang.Object com.castor.controller.DemoController.demoGet()
2018-09-07 10:37:44.842  INFO 10760 --- [main] s.w.s.m.m.a.RequestMappingHandlerMapping : Mapped "{[/demo/hello],methods=[GET]}" onto public java.lang.Object com.castor.controller.DemoController.demo()
2018-09-07 10:37:44.845  INFO 10760 --- [main] s.w.s.m.m.a.RequestMappingHandlerMapping : Mapped "{[/error]}" onto public org.springframework.http.ResponseEntity<java.util.Map<java.lang.String, java.lang.Object>> org.springframework.boot.autoconfigure.web.servlet.error.BasicErrorController.error(javax.servlet.http.HttpServletRequest)
2018-09-07 10:37:44.846  INFO 10760 --- [main] s.w.s.m.m.a.RequestMappingHandlerMapping : Mapped "{[/error],produces=[text/html]}" onto public org.springframework.web.servlet.ModelAndView org.springframework.boot.autoconfigure.web.servlet.error.BasicErrorController.errorHtml(javax.servlet.http.HttpServletRequest,javax.servlet.http.HttpServletResponse)
2018-09-07 10:37:44.875  INFO 10760 --- [main] o.s.w.s.handler.SimpleUrlHandlerMapping  : Mapped URL path [/webjars/**] onto handler of type [class org.springframework.web.servlet.resource.ResourceHttpRequestHandler]
2018-09-07 10:37:44.875  INFO 10760 --- [main] o.s.w.s.handler.SimpleUrlHandlerMapping  : Mapped URL path [/**] onto handler of type [class org.springframework.web.servlet.resource.ResourceHttpRequestHandler]
2018-09-07 10:37:45.135 DEBUG 10760 --- [main] o.s.d.r.l.RedisMessageListenerContainer  : Postpone listening for Redis messages until actual listeners are added
2018-09-07 10:37:45.136 DEBUG 10760 --- [main] o.s.d.r.l.RedisMessageListenerContainer  : Started RedisMessageListenerContainer
2018-09-07 10:37:46.718  INFO 10760 --- [main] o.s.cloud.commons.util.InetUtils         : Cannot determine local hostname
2018-09-07 10:37:48.026  INFO 10760 --- [main] o.s.cloud.commons.util.InetUtils         : Cannot determine local hostname
2018-09-07 10:37:48.146  INFO 10760 --- [main] o.s.j.e.a.AnnotationMBeanExporter        : Registering beans for JMX exposure on startup
2018-09-07 10:37:48.147  INFO 10760 --- [main] o.s.j.e.a.AnnotationMBeanExporter        : Bean with name 'dataSource' has been autodetected for JMX exposure
2018-09-07 10:37:48.156  INFO 10760 --- [main] o.s.j.e.a.AnnotationMBeanExporter        : Bean with name 'refreshScope' has been autodetected for JMX exposure
2018-09-07 10:37:48.158  INFO 10760 --- [main] o.s.j.e.a.AnnotationMBeanExporter        : Bean with name 'configurationPropertiesRebinder' has been autodetected for JMX exposure
2018-09-07 10:37:48.158  INFO 10760 --- [main] o.s.j.e.a.AnnotationMBeanExporter        : Bean with name 'environmentManager' has been autodetected for JMX exposure
2018-09-07 10:37:48.161  INFO 10760 --- [main] o.s.j.e.a.AnnotationMBeanExporter        : Located managed bean 'environmentManager': registering with JMX server as MBean [org.springframework.cloud.context.environment:name=environmentManager,type=EnvironmentManager]
2018-09-07 10:37:48.172  INFO 10760 --- [main] o.s.j.e.a.AnnotationMBeanExporter        : Located managed bean 'refreshScope': registering with JMX server as MBean [org.springframework.cloud.context.scope.refresh:name=refreshScope,type=RefreshScope]
2018-09-07 10:37:48.180  INFO 10760 --- [main] o.s.j.e.a.AnnotationMBeanExporter        : Located managed bean 'configurationPropertiesRebinder': registering with JMX server as MBean [org.springframework.cloud.context.properties:name=configurationPropertiesRebinder,context=73a8da0f,type=ConfigurationPropertiesRebinder]
2018-09-07 10:37:48.185  INFO 10760 --- [main] o.s.j.e.a.AnnotationMBeanExporter        : Located MBean 'dataSource': registering with JMX server as MBean [com.zaxxer.hikari:name=dataSource,type=HikariDataSource]
2018-09-07 10:37:48.192  INFO 10760 --- [main] o.s.c.support.DefaultLifecycleProcessor  : Starting beans in phase 0
2018-09-07 10:37:48.202  INFO 10760 --- [main] o.s.c.n.eureka.InstanceInfoFactory       : Setting initial instance status as: STARTING
2018-09-07 10:37:48.250  INFO 10760 --- [main] com.netflix.discovery.DiscoveryClient    : Initializing Eureka in region us-east-1
2018-09-07 10:37:48.556  INFO 10760 --- [main] c.n.d.provider.DiscoveryJerseyProvider   : Using JSON encoding codec LegacyJacksonJson
2018-09-07 10:37:48.556  INFO 10760 --- [main] c.n.d.provider.DiscoveryJerseyProvider   : Using JSON decoding codec LegacyJacksonJson
2018-09-07 10:37:48.670  INFO 10760 --- [main] c.n.d.provider.DiscoveryJerseyProvider   : Using XML encoding codec XStreamXml
2018-09-07 10:37:48.671  INFO 10760 --- [main] c.n.d.provider.DiscoveryJerseyProvider   : Using XML decoding codec XStreamXml
2018-09-07 10:37:48.831  INFO 10760 --- [main] c.n.d.s.r.aws.ConfigClusterResolver      : Resolving eureka endpoints via configuration
2018-09-07 10:37:49.164  INFO 10760 --- [main] com.netflix.discovery.DiscoveryClient    : Disable delta property : false
2018-09-07 10:37:49.164  INFO 10760 --- [main] com.netflix.discovery.DiscoveryClient    : Single vip registry refresh property : null
2018-09-07 10:37:49.165  INFO 10760 --- [main] com.netflix.discovery.DiscoveryClient    : Force full registry fetch : false
2018-09-07 10:37:49.165  INFO 10760 --- [main] com.netflix.discovery.DiscoveryClient    : Application is null : false
2018-09-07 10:37:49.165  INFO 10760 --- [main] com.netflix.discovery.DiscoveryClient    : Registered Applications size is zero : true
2018-09-07 10:37:49.165  INFO 10760 --- [main] com.netflix.discovery.DiscoveryClient    : Application version is -1: true
2018-09-07 10:37:49.165  INFO 10760 --- [main] com.netflix.discovery.DiscoveryClient    : Getting all instance registry info from the eureka server
2018-09-07 10:37:49.308  INFO 10760 --- [main] com.netflix.discovery.DiscoveryClient    : The response status is 200
2018-09-07 10:37:49.311  INFO 10760 --- [main] com.netflix.discovery.DiscoveryClient    : Starting heartbeat executor: renew interval is: 30
2018-09-07 10:37:49.314  INFO 10760 --- [main] c.n.discovery.InstanceInfoReplicator     : InstanceInfoReplicator onDemand update allowed rate per min is 4
2018-09-07 10:37:49.318  INFO 10760 --- [main] com.netflix.discovery.DiscoveryClient    : Discovery Client initialized at timestamp 1536287869317 with initial instances count: 2
2018-09-07 10:37:49.324  INFO 10760 --- [main] o.s.c.n.e.s.EurekaServiceRegistry        : Registering application clongulin with eureka with status UP
2018-09-07 10:37:49.325  INFO 10760 --- [main] com.netflix.discovery.DiscoveryClient    : Saw local status change event StatusChangeEvent [timestamp=1536287869325, current=UP, previous=STARTING]
2018-09-07 10:37:49.326  INFO 10760 --- [DiscoveryClient-InstanceInfoReplicator-0] com.netflix.discovery.DiscoveryClient    : DiscoveryClient_CLONGULIN/localhost:8083: registering service...
2018-09-07 10:37:49.361  INFO 10760 --- [DiscoveryClient-InstanceInfoReplicator-0] com.netflix.discovery.DiscoveryClient    : DiscoveryClient_CLONGULIN/localhost:8083 - registration status: 204
2018-09-07 10:37:49.365  INFO 10760 --- [main] o.s.b.w.embedded.tomcat.TomcatWebServer  : Tomcat started on port(s): 8083 (http) with context path ''
2018-09-07 10:37:49.366  INFO 10760 --- [main] .s.c.n.e.s.EurekaAutoServiceRegistration : Updating port to 8083
2018-09-07 10:37:49.368  INFO 10760 --- [main] com.castor.ClongulinApplication          : Started ClongulinApplication in 12.076 seconds (JVM running for 13.281)
2018-09-07 10:38:20.318  INFO 29416 --- [AsyncResolver-bootstrap-executor-0] c.n.d.s.r.aws.ConfigClusterResolver      : Resolving eureka endpoints via configuration
2018-09-07 10:38:26.107  INFO 29416 --- [http-nio-8081-exec-5] com.castor.controller.DemoController     : KO, nishuone
2018-09-07 10:38:26.110 DEBUG 29416 --- [http-nio-8081-exec-5] o.s.d.redis.core.RedisConnectionUtils    : Opening RedisConnection
2018-09-07 10:38:26.112 DEBUG 29416 --- [http-nio-8081-exec-5] o.s.d.redis.core.RedisConnectionUtils    : Closing Redis Connection
2018-09-07 10:38:26.112 DEBUG 29416 --- [http-nio-8081-exec-5] o.s.d.redis.core.RedisConnectionUtils    : Opening RedisConnection
2018-09-07 10:38:26.113 DEBUG 29416 --- [http-nio-8081-exec-5] o.s.d.redis.core.RedisConnectionUtils    : Closing Redis Connection
2018-09-07 10:38:35.409  INFO 29416 --- [http-nio-8081-exec-9] com.castor.controller.DemoController     : KO, nishuone
2018-09-07 10:38:35.412 DEBUG 29416 --- [http-nio-8081-exec-9] o.s.d.redis.core.RedisConnectionUtils    : Opening RedisConnection
2018-09-07 10:38:35.414 DEBUG 29416 --- [http-nio-8081-exec-9] o.s.d.redis.core.RedisConnectionUtils    : Closing Redis Connection
2018-09-07 10:38:35.414 DEBUG 29416 --- [http-nio-8081-exec-9] o.s.d.redis.core.RedisConnectionUtils    : Opening RedisConnection
2018-09-07 10:38:35.415 DEBUG 29416 --- [http-nio-8081-exec-9] o.s.d.redis.core.RedisConnectionUtils    : Closing Redis Connection
2018-09-07 10:38:46.474  INFO 29416 --- [http-nio-8081-exec-1] com.castor.controller.DemoController     : KO, nishuone
2018-09-07 10:38:46.478 DEBUG 29416 --- [http-nio-8081-exec-1] o.s.d.redis.core.RedisConnectionUtils    : Opening RedisConnection
2018-09-07 10:38:46.479 DEBUG 29416 --- [http-nio-8081-exec-1] o.s.d.redis.core.RedisConnectionUtils    : Closing Redis Connection
2018-09-07 10:38:46.480 DEBUG 29416 --- [http-nio-8081-exec-1] o.s.d.redis.core.RedisConnectionUtils    : Opening RedisConnection
2018-09-07 10:38:46.482 DEBUG 29416 --- [http-nio-8081-exec-1] o.s.d.redis.core.RedisConnectionUtils    : Closing Redis Connection
2018-09-07 10:38:56.436  INFO 10760 --- [http-nio-8083-exec-1] o.a.c.c.C.[Tomcat].[localhost].[/]       : Initializing Spring FrameworkServlet 'dispatcherServlet'
2018-09-07 10:38:56.436  INFO 10760 --- [http-nio-8083-exec-1] o.s.web.servlet.DispatcherServlet        : FrameworkServlet 'dispatcherServlet': initialization started
2018-09-07 10:38:56.460  INFO 10760 --- [http-nio-8083-exec-1] o.s.web.servlet.DispatcherServlet        : FrameworkServlet 'dispatcherServlet': initialization completed in 24 ms
2018-09-07 10:38:56.480  INFO 10760 --- [http-nio-8083-exec-1] com.castor.controller.DemoController     : KO, nishuone
2018-09-07 10:38:56.523 DEBUG 10760 --- [http-nio-8083-exec-1] o.s.d.redis.core.RedisConnectionUtils    : Opening RedisConnection
2018-09-07 10:38:56.604  INFO 10760 --- [http-nio-8083-exec-1] io.lettuce.core.EpollProvider            : Starting without optional epoll library
2018-09-07 10:38:56.605  INFO 10760 --- [http-nio-8083-exec-1] io.lettuce.core.KqueueProvider           : Starting without optional kqueue library
2018-09-07 10:38:56.965 DEBUG 10760 --- [http-nio-8083-exec-1] o.s.d.redis.core.RedisConnectionUtils    : Closing Redis Connection
2018-09-07 10:38:56.966 DEBUG 10760 --- [http-nio-8083-exec-1] o.s.d.redis.core.RedisConnectionUtils    : Opening RedisConnection
2018-09-07 10:38:56.968 DEBUG 10760 --- [http-nio-8083-exec-1] o.s.d.redis.core.RedisConnectionUtils    : Closing Redis Connection
2018-09-07 10:38:57.726  INFO 29416 --- [http-nio-8081-exec-3] com.castor.controller.DemoController     : KO, nishuone
2018-09-07 10:38:57.729 DEBUG 29416 --- [http-nio-8081-exec-3] o.s.d.redis.core.RedisConnectionUtils    : Opening RedisConnection
2018-09-07 10:38:57.731 DEBUG 29416 --- [http-nio-8081-exec-3] o.s.d.redis.core.RedisConnectionUtils    : Closing Redis Connection
2018-09-07 10:38:57.731 DEBUG 29416 --- [http-nio-8081-exec-3] o.s.d.redis.core.RedisConnectionUtils    : Opening RedisConnection
2018-09-07 10:38:57.736 DEBUG 29416 --- [http-nio-8081-exec-3] o.s.d.redis.core.RedisConnectionUtils    : Closing Redis Connection
2018-09-07 10:38:58.349  INFO 10760 --- [http-nio-8083-exec-2] com.castor.controller.DemoController     : KO, nishuone
2018-09-07 10:38:58.352 DEBUG 10760 --- [http-nio-8083-exec-2] o.s.d.redis.core.RedisConnectionUtils    : Opening RedisConnection
2018-09-07 10:38:58.354 DEBUG 10760 --- [http-nio-8083-exec-2] o.s.d.redis.core.RedisConnectionUtils    : Closing Redis Connection
2018-09-07 10:38:58.354 DEBUG 10760 --- [http-nio-8083-exec-2] o.s.d.redis.core.RedisConnectionUtils    : Opening RedisConnection
2018-09-07 10:38:58.356 DEBUG 10760 --- [http-nio-8083-exec-2] o.s.d.redis.core.RedisConnectionUtils    : Closing Redis Connection
2018-09-07 10:39:00.067  INFO 29416 --- [http-nio-8081-exec-4] com.castor.controller.DemoController     : KO, nishuone
2018-09-07 10:39:00.069 DEBUG 29416 --- [http-nio-8081-exec-4] o.s.d.redis.core.RedisConnectionUtils    : Opening RedisConnection
2018-09-07 10:39:00.070 DEBUG 29416 --- [http-nio-8081-exec-4] o.s.d.redis.core.RedisConnectionUtils    : Closing Redis Connection
2018-09-07 10:39:00.071 DEBUG 29416 --- [http-nio-8081-exec-4] o.s.d.redis.core.RedisConnectionUtils    : Opening RedisConnection
2018-09-07 10:39:00.072 DEBUG 29416 --- [http-nio-8081-exec-4] o.s.d.redis.core.RedisConnectionUtils    : Closing Redis Connection
2018-09-07 10:39:00.715  INFO 10760 --- [http-nio-8083-exec-3] com.castor.controller.DemoController     : KO, nishuone
2018-09-07 10:39:00.717 DEBUG 10760 --- [http-nio-8083-exec-3] o.s.d.redis.core.RedisConnectionUtils    : Opening RedisConnection
2018-09-07 10:39:00.718 DEBUG 10760 --- [http-nio-8083-exec-3] o.s.d.redis.core.RedisConnectionUtils    : Closing Redis Connection
2018-09-07 10:39:00.719 DEBUG 10760 --- [http-nio-8083-exec-3] o.s.d.redis.core.RedisConnectionUtils    : Opening RedisConnection
2018-09-07 10:39:00.720 DEBUG 10760 --- [http-nio-8083-exec-3] o.s.d.redis.core.RedisConnectionUtils    : Closing Redis Connection
2018-09-07 10:39:01.217  INFO 29416 --- [http-nio-8081-exec-7] com.castor.controller.DemoController     : KO, nishuone
2018-09-07 10:39:01.221 DEBUG 29416 --- [http-nio-8081-exec-7] o.s.d.redis.core.RedisConnectionUtils    : Opening RedisConnection
2018-09-07 10:39:01.223 DEBUG 29416 --- [http-nio-8081-exec-7] o.s.d.redis.core.RedisConnectionUtils    : Closing Redis Connection
2018-09-07 10:39:01.223 DEBUG 29416 --- [http-nio-8081-exec-7] o.s.d.redis.core.RedisConnectionUtils    : Opening RedisConnection
2018-09-07 10:39:01.225 DEBUG 29416 --- [http-nio-8081-exec-7] o.s.d.redis.core.RedisConnectionUtils    : Closing Redis Connection
2018-09-07 10:42:49.167  INFO 10760 --- [AsyncResolver-bootstrap-executor-0] c.n.d.s.r.aws.ConfigClusterResolver      : Resolving eureka endpoints via configuration
2018-09-07 10:43:20.319  INFO 29416 --- [AsyncResolver-bootstrap-executor-0] c.n.d.s.r.aws.ConfigClusterResolver      : Resolving eureka endpoints via configuration
2018-09-07 10:47:49.168  INFO 10760 --- [AsyncResolver-bootstrap-executor-0] c.n.d.s.r.aws.ConfigClusterResolver      : Resolving eureka endpoints via configuration
2018-09-07 10:48:20.320  INFO 29416 --- [AsyncResolver-bootstrap-executor-0] c.n.d.s.r.aws.ConfigClusterResolver      : Resolving eureka endpoints via configuration
2018-09-07 10:52:49.169  INFO 10760 --- [AsyncResolver-bootstrap-executor-0] c.n.d.s.r.aws.ConfigClusterResolver      : Resolving eureka endpoints via configuration
2018-09-07 10:53:20.321  INFO 29416 --- [AsyncResolver-bootstrap-executor-0] c.n.d.s.r.aws.ConfigClusterResolver      : Resolving eureka endpoints via configuration
2018-09-07 10:57:49.170  INFO 10760 --- [AsyncResolver-bootstrap-executor-0] c.n.d.s.r.aws.ConfigClusterResolver      : Resolving eureka endpoints via configuration
2018-09-07 10:58:20.322  INFO 29416 --- [AsyncResolver-bootstrap-executor-0] c.n.d.s.r.aws.ConfigClusterResolver      : Resolving eureka endpoints via configuration
2018-09-07 11:02:49.171  INFO 10760 --- [AsyncResolver-bootstrap-executor-0] c.n.d.s.r.aws.ConfigClusterResolver      : Resolving eureka endpoints via configuration
2018-09-07 11:03:20.323  INFO 29416 --- [AsyncResolver-bootstrap-executor-0] c.n.d.s.r.aws.ConfigClusterResolver      : Resolving eureka endpoints via configuration
2018-09-07 11:07:49.173  INFO 10760 --- [AsyncResolver-bootstrap-executor-0] c.n.d.s.r.aws.ConfigClusterResolver      : Resolving eureka endpoints via configuration
2018-09-07 11:08:20.324  INFO 29416 --- [AsyncResolver-bootstrap-executor-0] c.n.d.s.r.aws.ConfigClusterResolver      : Resolving eureka endpoints via configuration
2018-09-07 11:12:49.174  INFO 10760 --- [AsyncResolver-bootstrap-executor-0] c.n.d.s.r.aws.ConfigClusterResolver      : Resolving eureka endpoints via configuration
2018-09-07 11:13:20.325  INFO 29416 --- [AsyncResolver-bootstrap-executor-0] c.n.d.s.r.aws.ConfigClusterResolver      : Resolving eureka endpoints via configuration
2018-09-07 11:17:49.175  INFO 10760 --- [AsyncResolver-bootstrap-executor-0] c.n.d.s.r.aws.ConfigClusterResolver      : Resolving eureka endpoints via configuration
2018-09-07 11:18:20.326  INFO 29416 --- [AsyncResolver-bootstrap-executor-0] c.n.d.s.r.aws.ConfigClusterResolver      : Resolving eureka endpoints via configuration
2018-09-07 11:22:49.176  INFO 10760 --- [AsyncResolver-bootstrap-executor-0] c.n.d.s.r.aws.ConfigClusterResolver      : Resolving eureka endpoints via configuration
2018-09-07 11:23:20.327  INFO 29416 --- [AsyncResolver-bootstrap-executor-0] c.n.d.s.r.aws.ConfigClusterResolver      : Resolving eureka endpoints via configuration
2018-09-07 11:27:49.177  INFO 10760 --- [AsyncResolver-bootstrap-executor-0] c.n.d.s.r.aws.ConfigClusterResolver      : Resolving eureka endpoints via configuration
2018-09-07 11:28:20.329  INFO 29416 --- [AsyncResolver-bootstrap-executor-0] c.n.d.s.r.aws.ConfigClusterResolver      : Resolving eureka endpoints via configuration
2018-09-07 11:32:49.177  INFO 10760 --- [AsyncResolver-bootstrap-executor-0] c.n.d.s.r.aws.ConfigClusterResolver      : Resolving eureka endpoints via configuration
2018-09-07 11:33:20.330  INFO 29416 --- [AsyncResolver-bootstrap-executor-0] c.n.d.s.r.aws.ConfigClusterResolver      : Resolving eureka endpoints via configuration
2018-09-07 11:37:49.182  INFO 10760 --- [AsyncResolver-bootstrap-executor-0] c.n.d.s.r.aws.ConfigClusterResolver      : Resolving eureka endpoints via configuration
2018-09-07 11:38:20.337  INFO 29416 --- [AsyncResolver-bootstrap-executor-0] c.n.d.s.r.aws.ConfigClusterResolver      : Resolving eureka endpoints via configuration
2018-09-07 11:42:49.185  INFO 10760 --- [AsyncResolver-bootstrap-executor-0] c.n.d.s.r.aws.ConfigClusterResolver      : Resolving eureka endpoints via configuration
2018-09-07 11:43:20.353  INFO 29416 --- [AsyncResolver-bootstrap-executor-0] c.n.d.s.r.aws.ConfigClusterResolver      : Resolving eureka endpoints via configuration
2018-09-07 11:47:49.186  INFO 10760 --- [AsyncResolver-bootstrap-executor-0] c.n.d.s.r.aws.ConfigClusterResolver      : Resolving eureka endpoints via configuration
2018-09-07 11:48:20.355  INFO 29416 --- [AsyncResolver-bootstrap-executor-0] c.n.d.s.r.aws.ConfigClusterResolver      : Resolving eureka endpoints via configuration
2018-09-07 11:52:49.188  INFO 10760 --- [AsyncResolver-bootstrap-executor-0] c.n.d.s.r.aws.ConfigClusterResolver      : Resolving eureka endpoints via configuration
2018-09-07 11:53:20.357  INFO 29416 --- [AsyncResolver-bootstrap-executor-0] c.n.d.s.r.aws.ConfigClusterResolver      : Resolving eureka endpoints via configuration
2018-09-07 11:57:49.189  INFO 10760 --- [AsyncResolver-bootstrap-executor-0] c.n.d.s.r.aws.ConfigClusterResolver      : Resolving eureka endpoints via configuration
2018-09-07 11:58:20.358  INFO 29416 --- [AsyncResolver-bootstrap-executor-0] c.n.d.s.r.aws.ConfigClusterResolver      : Resolving eureka endpoints via configuration
2018-09-07 12:02:49.189  INFO 10760 --- [AsyncResolver-bootstrap-executor-0] c.n.d.s.r.aws.ConfigClusterResolver      : Resolving eureka endpoints via configuration
2018-09-07 12:03:20.359  INFO 29416 --- [AsyncResolver-bootstrap-executor-0] c.n.d.s.r.aws.ConfigClusterResolver      : Resolving eureka endpoints via configuration
2018-09-07 12:07:49.190  INFO 10760 --- [AsyncResolver-bootstrap-executor-0] c.n.d.s.r.aws.ConfigClusterResolver      : Resolving eureka endpoints via configuration
2018-09-07 12:08:20.360  INFO 29416 --- [AsyncResolver-bootstrap-executor-0] c.n.d.s.r.aws.ConfigClusterResolver      : Resolving eureka endpoints via configuration
2018-09-07 12:12:49.190  INFO 10760 --- [AsyncResolver-bootstrap-executor-0] c.n.d.s.r.aws.ConfigClusterResolver      : Resolving eureka endpoints via configuration
2018-09-07 12:13:20.361  INFO 29416 --- [AsyncResolver-bootstrap-executor-0] c.n.d.s.r.aws.ConfigClusterResolver      : Resolving eureka endpoints via configuration
2018-09-07 12:17:49.191  INFO 10760 --- [AsyncResolver-bootstrap-executor-0] c.n.d.s.r.aws.ConfigClusterResolver      : Resolving eureka endpoints via configuration
2018-09-07 12:18:20.362  INFO 29416 --- [AsyncResolver-bootstrap-executor-0] c.n.d.s.r.aws.ConfigClusterResolver      : Resolving eureka endpoints via configuration
2018-09-07 12:22:49.192  INFO 10760 --- [AsyncResolver-bootstrap-executor-0] c.n.d.s.r.aws.ConfigClusterResolver      : Resolving eureka endpoints via configuration
2018-09-07 12:23:20.362  INFO 29416 --- [AsyncResolver-bootstrap-executor-0] c.n.d.s.r.aws.ConfigClusterResolver      : Resolving eureka endpoints via configuration
2018-09-07 12:27:49.194  INFO 10760 --- [AsyncResolver-bootstrap-executor-0] c.n.d.s.r.aws.ConfigClusterResolver      : Resolving eureka endpoints via configuration
2018-09-07 12:28:20.364  INFO 29416 --- [AsyncResolver-bootstrap-executor-0] c.n.d.s.r.aws.ConfigClusterResolver      : Resolving eureka endpoints via configuration
2018-09-07 12:32:49.195  INFO 10760 --- [AsyncResolver-bootstrap-executor-0] c.n.d.s.r.aws.ConfigClusterResolver      : Resolving eureka endpoints via configuration
2018-09-07 12:33:20.365  INFO 29416 --- [AsyncResolver-bootstrap-executor-0] c.n.d.s.r.aws.ConfigClusterResolver      : Resolving eureka endpoints via configuration
2018-09-07 12:37:49.196  INFO 10760 --- [AsyncResolver-bootstrap-executor-0] c.n.d.s.r.aws.ConfigClusterResolver      : Resolving eureka endpoints via configuration
2018-09-07 12:38:20.366  INFO 29416 --- [AsyncResolver-bootstrap-executor-0] c.n.d.s.r.aws.ConfigClusterResolver      : Resolving eureka endpoints via configuration
2018-09-07 12:42:49.198  INFO 10760 --- [AsyncResolver-bootstrap-executor-0] c.n.d.s.r.aws.ConfigClusterResolver      : Resolving eureka endpoints via configuration
2018-09-07 12:43:20.367  INFO 29416 --- [AsyncResolver-bootstrap-executor-0] c.n.d.s.r.aws.ConfigClusterResolver      : Resolving eureka endpoints via configuration
2018-09-07 12:47:49.200  INFO 10760 --- [AsyncResolver-bootstrap-executor-0] c.n.d.s.r.aws.ConfigClusterResolver      : Resolving eureka endpoints via configuration
2018-09-07 12:48:20.368  INFO 29416 --- [AsyncResolver-bootstrap-executor-0] c.n.d.s.r.aws.ConfigClusterResolver      : Resolving eureka endpoints via configuration
2018-09-07 12:52:49.201  INFO 10760 --- [AsyncResolver-bootstrap-executor-0] c.n.d.s.r.aws.ConfigClusterResolver      : Resolving eureka endpoints via configuration
2018-09-07 12:53:20.370  INFO 29416 --- [AsyncResolver-bootstrap-executor-0] c.n.d.s.r.aws.ConfigClusterResolver      : Resolving eureka endpoints via configuration
2018-09-07 12:57:49.202  INFO 10760 --- [AsyncResolver-bootstrap-executor-0] c.n.d.s.r.aws.ConfigClusterResolver      : Resolving eureka endpoints via configuration
2018-09-07 12:58:20.372  INFO 29416 --- [AsyncResolver-bootstrap-executor-0] c.n.d.s.r.aws.ConfigClusterResolver      : Resolving eureka endpoints via configuration
2018-09-07 13:02:49.202  INFO 10760 --- [AsyncResolver-bootstrap-executor-0] c.n.d.s.r.aws.ConfigClusterResolver      : Resolving eureka endpoints via configuration
2018-09-07 13:03:20.373  INFO 29416 --- [AsyncResolver-bootstrap-executor-0] c.n.d.s.r.aws.ConfigClusterResolver      : Resolving eureka endpoints via configuration
2018-09-07 13:07:49.203  INFO 10760 --- [AsyncResolver-bootstrap-executor-0] c.n.d.s.r.aws.ConfigClusterResolver      : Resolving eureka endpoints via configuration
2018-09-07 13:08:20.374  INFO 29416 --- [AsyncResolver-bootstrap-executor-0] c.n.d.s.r.aws.ConfigClusterResolver      : Resolving eureka endpoints via configuration
2018-09-07 13:12:49.205  INFO 10760 --- [AsyncResolver-bootstrap-executor-0] c.n.d.s.r.aws.ConfigClusterResolver      : Resolving eureka endpoints via configuration
2018-09-07 13:13:20.375  INFO 29416 --- [AsyncResolver-bootstrap-executor-0] c.n.d.s.r.aws.ConfigClusterResolver      : Resolving eureka endpoints via configuration
2018-09-07 13:17:49.205  INFO 10760 --- [AsyncResolver-bootstrap-executor-0] c.n.d.s.r.aws.ConfigClusterResolver      : Resolving eureka endpoints via configuration
2018-09-07 13:18:20.376  INFO 29416 --- [AsyncResolver-bootstrap-executor-0] c.n.d.s.r.aws.ConfigClusterResolver      : Resolving eureka endpoints via configuration
2018-09-07 13:22:49.206  INFO 10760 --- [AsyncResolver-bootstrap-executor-0] c.n.d.s.r.aws.ConfigClusterResolver      : Resolving eureka endpoints via configuration
2018-09-07 13:23:20.377  INFO 29416 --- [AsyncResolver-bootstrap-executor-0] c.n.d.s.r.aws.ConfigClusterResolver      : Resolving eureka endpoints via configuration
2018-09-07 13:27:49.207  INFO 10760 --- [AsyncResolver-bootstrap-executor-0] c.n.d.s.r.aws.ConfigClusterResolver      : Resolving eureka endpoints via configuration
2018-09-07 13:28:20.378  INFO 29416 --- [AsyncResolver-bootstrap-executor-0] c.n.d.s.r.aws.ConfigClusterResolver      : Resolving eureka endpoints via configuration
2018-09-07 13:32:49.208  INFO 10760 --- [AsyncResolver-bootstrap-executor-0] c.n.d.s.r.aws.ConfigClusterResolver      : Resolving eureka endpoints via configuration
2018-09-07 13:33:20.379  INFO 29416 --- [AsyncResolver-bootstrap-executor-0] c.n.d.s.r.aws.ConfigClusterResolver      : Resolving eureka endpoints via configuration
2018-09-07 13:37:49.209  INFO 10760 --- [AsyncResolver-bootstrap-executor-0] c.n.d.s.r.aws.ConfigClusterResolver      : Resolving eureka endpoints via configuration
2018-09-07 13:38:20.381  INFO 29416 --- [AsyncResolver-bootstrap-executor-0] c.n.d.s.r.aws.ConfigClusterResolver      : Resolving eureka endpoints via configuration
